C:\USERS\DAN\DOCUMENTS\GITHUB\PRODUCER_CONSUMER\WIN_PC\WIN_PC\DEBUG\MODULE.OBJ
C:\USERS\DAN\DOCUMENTS\GITHUB\PRODUCER_CONSUMER\WIN_PC\WIN_PC\DEBUG\MAIN.OBJ
C:\USERS\DAN\DOCUMENTS\GITHUB\PRODUCER_CONSUMER\WIN_PC\WIN_PC\DEBUG\VC110.PDB
C:\USERS\DAN\DOCUMENTS\GITHUB\PRODUCER_CONSUMER\WIN_PC\DEBUG\WIN_PC.ILK
C:\USERS\DAN\DOCUMENTS\GITHUB\PRODUCER_CONSUMER\WIN_PC\DEBUG\WIN_PC.EXE
C:\USERS\DAN\DOCUMENTS\GITHUB\PRODUCER_CONSUMER\WIN_PC\DEBUG\WIN_PC.PDB
C:\Users\dan\Documents\GitHub\producer_consumer\win_pc\win_pc\Debug\main.obj
C:\Users\dan\Documents\GitHub\producer_consumer\win_pc\win_pc\Debug\module.obj
C:\Users\dan\Documents\GitHub\producer_consumer\win_pc\win_pc\Debug\cl.command.1.tlog
C:\Users\dan\Documents\GitHub\producer_consumer\win_pc\win_pc\Debug\CL.read.1.tlog
C:\Users\dan\Documents\GitHub\producer_consumer\win_pc\win_pc\Debug\CL.write.1.tlog
C:\Users\dan\Documents\GitHub\producer_consumer\win_pc\win_pc\Debug\link-cvtres.read.1.tlog
C:\Users\dan\Documents\GitHub\producer_consumer\win_pc\win_pc\Debug\link-cvtres.write.1.tlog
C:\Users\dan\Documents\GitHub\producer_consumer\win_pc\win_pc\Debug\link-rc.read.1.tlog
C:\Users\dan\Documents\GitHub\producer_consumer\win_pc\win_pc\Debug\link-rc.write.1.tlog
C:\Users\dan\Documents\GitHub\producer_consumer\win_pc\win_pc\Debug\link.command.1.tlog
C:\Users\dan\Documents\GitHub\producer_consumer\win_pc\win_pc\Debug\link.read.1.tlog
C:\Users\dan\Documents\GitHub\producer_consumer\win_pc\win_pc\Debug\link.write.1.tlog
C:\Users\dan\Documents\GitHub\producer_consumer\win_pc\win_pc\Debug\vc110.idb
C:\Users\dan\Documents\GitHub\producer_consumer\win_pc\win_pc\Debug\vc110.pdb
C:\Users\dan\Documents\GitHub\producer_consumer\win_pc\Debug\win_pc.pdb
C:\Users\dan\Documents\GitHub\producer_consumer\win_pc\Debug\win_pc.exe
C:\Users\dan\Documents\GitHub\producer_consumer\win_pc\Debug\win_pc.ilk
